digraph model_graph {
  // Dotfile by Django-Extensions graph_models
  // Created: 2021-03-05 14:13
  // Cli Options: -a

  fontname = "Roboto"
  fontsize = 8
  splines  = true

  node [
    fontname = "Roboto"
    fontsize = 8
    shape = "plaintext"
  ]

  edge [
    fontname = "Roboto"
    fontsize = 8
  ]

  // Labels


  django_contrib_auth_models_AbstractUser [label=<
    <TABLE BGCOLOR="white" BORDER="1" CELLBORDER="0" CELLSPACING="0">
    <TR><TD COLSPAN="2" CELLPADDING="5" ALIGN="CENTER" BGCOLOR="#1b563f">
    <FONT FACE="Roboto" COLOR="white" POINT-SIZE="10"><B>
    AbstractUser<BR/>&lt;<FONT FACE="Roboto"><I>AbstractBaseUser,PermissionsMixin</I></FONT>&gt;
    </B></FONT></TD></TR>
  
  
    <TR><TD ALIGN="LEFT" BORDER="0">
    <FONT FACE="Roboto">date_joined</FONT>
    </TD><TD ALIGN="LEFT">
    <FONT FACE="Roboto">DateTimeField</FONT>
    </TD></TR>
  
  
  
    <TR><TD ALIGN="LEFT" BORDER="0">
    <FONT COLOR="#7B7B7B" FACE="Roboto">email</FONT>
    </TD><TD ALIGN="LEFT">
    <FONT COLOR="#7B7B7B" FACE="Roboto">EmailField</FONT>
    </TD></TR>
  
  
  
    <TR><TD ALIGN="LEFT" BORDER="0">
    <FONT COLOR="#7B7B7B" FACE="Roboto">first_name</FONT>
    </TD><TD ALIGN="LEFT">
    <FONT COLOR="#7B7B7B" FACE="Roboto">CharField</FONT>
    </TD></TR>
  
  
  
    <TR><TD ALIGN="LEFT" BORDER="0">
    <FONT FACE="Roboto">is_active</FONT>
    </TD><TD ALIGN="LEFT">
    <FONT FACE="Roboto">BooleanField</FONT>
    </TD></TR>
  
  
  
    <TR><TD ALIGN="LEFT" BORDER="0">
    <FONT FACE="Roboto">is_staff</FONT>
    </TD><TD ALIGN="LEFT">
    <FONT FACE="Roboto">BooleanField</FONT>
    </TD></TR>
  
  
  
    <TR><TD ALIGN="LEFT" BORDER="0">
    <FONT FACE="Roboto"><I>is_superuser</I></FONT>
    </TD><TD ALIGN="LEFT">
    <FONT FACE="Roboto"><I>BooleanField</I></FONT>
    </TD></TR>
  
  
  
    <TR><TD ALIGN="LEFT" BORDER="0">
    <FONT COLOR="#7B7B7B" FACE="Roboto"><I>last_login</I></FONT>
    </TD><TD ALIGN="LEFT">
    <FONT COLOR="#7B7B7B" FACE="Roboto"><I>DateTimeField</I></FONT>
    </TD></TR>
  
  
  
    <TR><TD ALIGN="LEFT" BORDER="0">
    <FONT COLOR="#7B7B7B" FACE="Roboto">last_name</FONT>
    </TD><TD ALIGN="LEFT">
    <FONT COLOR="#7B7B7B" FACE="Roboto">CharField</FONT>
    </TD></TR>
  
  
  
    <TR><TD ALIGN="LEFT" BORDER="0">
    <FONT FACE="Roboto"><I>password</I></FONT>
    </TD><TD ALIGN="LEFT">
    <FONT FACE="Roboto"><I>CharField</I></FONT>
    </TD></TR>
  
  
  
    <TR><TD ALIGN="LEFT" BORDER="0">
    <FONT FACE="Roboto">username</FONT>
    </TD><TD ALIGN="LEFT">
    <FONT FACE="Roboto">CharField</FONT>
    </TD></TR>
  
  
    </TABLE>
    >]

  django_contrib_auth_models_Permission [label=<
    <TABLE BGCOLOR="white" BORDER="1" CELLBORDER="0" CELLSPACING="0">
    <TR><TD COLSPAN="2" CELLPADDING="5" ALIGN="CENTER" BGCOLOR="#1b563f">
    <FONT FACE="Roboto" COLOR="white" POINT-SIZE="10"><B>
    Permission
    </B></FONT></TD></TR>
  
  
    <TR><TD ALIGN="LEFT" BORDER="0">
    <FONT FACE="Roboto"><B>id</B></FONT>
    </TD><TD ALIGN="LEFT">
    <FONT FACE="Roboto"><B>AutoField</B></FONT>
    </TD></TR>
  
  
  
    <TR><TD ALIGN="LEFT" BORDER="0">
    <FONT FACE="Roboto"><B>content_type</B></FONT>
    </TD><TD ALIGN="LEFT">
    <FONT FACE="Roboto"><B>ForeignKey (id)</B></FONT>
    </TD></TR>
  
  
  
    <TR><TD ALIGN="LEFT" BORDER="0">
    <FONT FACE="Roboto">codename</FONT>
    </TD><TD ALIGN="LEFT">
    <FONT FACE="Roboto">CharField</FONT>
    </TD></TR>
  
  
  
    <TR><TD ALIGN="LEFT" BORDER="0">
    <FONT FACE="Roboto">name</FONT>
    </TD><TD ALIGN="LEFT">
    <FONT FACE="Roboto">CharField</FONT>
    </TD></TR>
  
  
    </TABLE>
    >]

  django_contrib_auth_models_Group [label=<
    <TABLE BGCOLOR="white" BORDER="1" CELLBORDER="0" CELLSPACING="0">
    <TR><TD COLSPAN="2" CELLPADDING="5" ALIGN="CENTER" BGCOLOR="#1b563f">
    <FONT FACE="Roboto" COLOR="white" POINT-SIZE="10"><B>
    Group
    </B></FONT></TD></TR>
  
  
    <TR><TD ALIGN="LEFT" BORDER="0">
    <FONT FACE="Roboto"><B>id</B></FONT>
    </TD><TD ALIGN="LEFT">
    <FONT FACE="Roboto"><B>AutoField</B></FONT>
    </TD></TR>
  
  
  
    <TR><TD ALIGN="LEFT" BORDER="0">
    <FONT FACE="Roboto">name</FONT>
    </TD><TD ALIGN="LEFT">
    <FONT FACE="Roboto">CharField</FONT>
    </TD></TR>
  
  
    </TABLE>
    >]

  django_contrib_auth_models_User [label=<
    <TABLE BGCOLOR="white" BORDER="1" CELLBORDER="0" CELLSPACING="0">
    <TR><TD COLSPAN="2" CELLPADDING="5" ALIGN="CENTER" BGCOLOR="#1b563f">
    <FONT FACE="Roboto" COLOR="white" POINT-SIZE="10"><B>
    User<BR/>&lt;<FONT FACE="Roboto"><I>AbstractUser</I></FONT>&gt;
    </B></FONT></TD></TR>
  
  
    <TR><TD ALIGN="LEFT" BORDER="0">
    <FONT FACE="Roboto"><B>id</B></FONT>
    </TD><TD ALIGN="LEFT">
    <FONT FACE="Roboto"><B>AutoField</B></FONT>
    </TD></TR>
  
  
  
    <TR><TD ALIGN="LEFT" BORDER="0">
    <FONT FACE="Roboto"><I>date_joined</I></FONT>
    </TD><TD ALIGN="LEFT">
    <FONT FACE="Roboto"><I>DateTimeField</I></FONT>
    </TD></TR>
  
  
  
    <TR><TD ALIGN="LEFT" BORDER="0">
    <FONT COLOR="#7B7B7B" FACE="Roboto"><I>email</I></FONT>
    </TD><TD ALIGN="LEFT">
    <FONT COLOR="#7B7B7B" FACE="Roboto"><I>EmailField</I></FONT>
    </TD></TR>
  
  
  
    <TR><TD ALIGN="LEFT" BORDER="0">
    <FONT COLOR="#7B7B7B" FACE="Roboto"><I>first_name</I></FONT>
    </TD><TD ALIGN="LEFT">
    <FONT COLOR="#7B7B7B" FACE="Roboto"><I>CharField</I></FONT>
    </TD></TR>
  
  
  
    <TR><TD ALIGN="LEFT" BORDER="0">
    <FONT FACE="Roboto"><I>is_active</I></FONT>
    </TD><TD ALIGN="LEFT">
    <FONT FACE="Roboto"><I>BooleanField</I></FONT>
    </TD></TR>
  
  
  
    <TR><TD ALIGN="LEFT" BORDER="0">
    <FONT FACE="Roboto"><I>is_staff</I></FONT>
    </TD><TD ALIGN="LEFT">
    <FONT FACE="Roboto"><I>BooleanField</I></FONT>
    </TD></TR>
  
  
  
    <TR><TD ALIGN="LEFT" BORDER="0">
    <FONT FACE="Roboto"><I>is_superuser</I></FONT>
    </TD><TD ALIGN="LEFT">
    <FONT FACE="Roboto"><I>BooleanField</I></FONT>
    </TD></TR>
  
  
  
    <TR><TD ALIGN="LEFT" BORDER="0">
    <FONT COLOR="#7B7B7B" FACE="Roboto"><I>last_login</I></FONT>
    </TD><TD ALIGN="LEFT">
    <FONT COLOR="#7B7B7B" FACE="Roboto"><I>DateTimeField</I></FONT>
    </TD></TR>
  
  
  
    <TR><TD ALIGN="LEFT" BORDER="0">
    <FONT COLOR="#7B7B7B" FACE="Roboto"><I>last_name</I></FONT>
    </TD><TD ALIGN="LEFT">
    <FONT COLOR="#7B7B7B" FACE="Roboto"><I>CharField</I></FONT>
    </TD></TR>
  
  
  
    <TR><TD ALIGN="LEFT" BORDER="0">
    <FONT FACE="Roboto"><I>password</I></FONT>
    </TD><TD ALIGN="LEFT">
    <FONT FACE="Roboto"><I>CharField</I></FONT>
    </TD></TR>
  
  
  
    <TR><TD ALIGN="LEFT" BORDER="0">
    <FONT FACE="Roboto"><I>username</I></FONT>
    </TD><TD ALIGN="LEFT">
    <FONT FACE="Roboto"><I>CharField</I></FONT>
    </TD></TR>
  
  
    </TABLE>
    >]




  django_contrib_contenttypes_models_ContentType [label=<
    <TABLE BGCOLOR="white" BORDER="1" CELLBORDER="0" CELLSPACING="0">
    <TR><TD COLSPAN="2" CELLPADDING="5" ALIGN="CENTER" BGCOLOR="#1b563f">
    <FONT FACE="Roboto" COLOR="white" POINT-SIZE="10"><B>
    ContentType
    </B></FONT></TD></TR>
  
  
    <TR><TD ALIGN="LEFT" BORDER="0">
    <FONT FACE="Roboto"><B>id</B></FONT>
    </TD><TD ALIGN="LEFT">
    <FONT FACE="Roboto"><B>AutoField</B></FONT>
    </TD></TR>
  
  
  
    <TR><TD ALIGN="LEFT" BORDER="0">
    <FONT FACE="Roboto">app_label</FONT>
    </TD><TD ALIGN="LEFT">
    <FONT FACE="Roboto">CharField</FONT>
    </TD></TR>
  
  
  
    <TR><TD ALIGN="LEFT" BORDER="0">
    <FONT FACE="Roboto">model</FONT>
    </TD><TD ALIGN="LEFT">
    <FONT FACE="Roboto">CharField</FONT>
    </TD></TR>
  
  
    </TABLE>
    >]




  django_contrib_sessions_base_session_AbstractBaseSession [label=<
    <TABLE BGCOLOR="white" BORDER="1" CELLBORDER="0" CELLSPACING="0">
    <TR><TD COLSPAN="2" CELLPADDING="5" ALIGN="CENTER" BGCOLOR="#1b563f">
    <FONT FACE="Roboto" COLOR="white" POINT-SIZE="10"><B>
    AbstractBaseSession
    </B></FONT></TD></TR>
  
  
    <TR><TD ALIGN="LEFT" BORDER="0">
    <FONT FACE="Roboto">expire_date</FONT>
    </TD><TD ALIGN="LEFT">
    <FONT FACE="Roboto">DateTimeField</FONT>
    </TD></TR>
  
  
  
    <TR><TD ALIGN="LEFT" BORDER="0">
    <FONT FACE="Roboto">session_data</FONT>
    </TD><TD ALIGN="LEFT">
    <FONT FACE="Roboto">TextField</FONT>
    </TD></TR>
  
  
    </TABLE>
    >]

  django_contrib_sessions_models_Session [label=<
    <TABLE BGCOLOR="white" BORDER="1" CELLBORDER="0" CELLSPACING="0">
    <TR><TD COLSPAN="2" CELLPADDING="5" ALIGN="CENTER" BGCOLOR="#1b563f">
    <FONT FACE="Roboto" COLOR="white" POINT-SIZE="10"><B>
    Session<BR/>&lt;<FONT FACE="Roboto"><I>AbstractBaseSession</I></FONT>&gt;
    </B></FONT></TD></TR>
  
  
    <TR><TD ALIGN="LEFT" BORDER="0">
    <FONT FACE="Roboto"><I><B>session_key</B></I></FONT>
    </TD><TD ALIGN="LEFT">
    <FONT FACE="Roboto"><I><B>CharField</B></I></FONT>
    </TD></TR>
  
  
  
    <TR><TD ALIGN="LEFT" BORDER="0">
    <FONT FACE="Roboto"><I>expire_date</I></FONT>
    </TD><TD ALIGN="LEFT">
    <FONT FACE="Roboto"><I>DateTimeField</I></FONT>
    </TD></TR>
  
  
  
    <TR><TD ALIGN="LEFT" BORDER="0">
    <FONT FACE="Roboto"><I>session_data</I></FONT>
    </TD><TD ALIGN="LEFT">
    <FONT FACE="Roboto"><I>TextField</I></FONT>
    </TD></TR>
  
  
    </TABLE>
    >]




  django_contrib_admin_models_LogEntry [label=<
    <TABLE BGCOLOR="white" BORDER="1" CELLBORDER="0" CELLSPACING="0">
    <TR><TD COLSPAN="2" CELLPADDING="5" ALIGN="CENTER" BGCOLOR="#1b563f">
    <FONT FACE="Roboto" COLOR="white" POINT-SIZE="10"><B>
    LogEntry
    </B></FONT></TD></TR>
  
  
    <TR><TD ALIGN="LEFT" BORDER="0">
    <FONT FACE="Roboto"><B>id</B></FONT>
    </TD><TD ALIGN="LEFT">
    <FONT FACE="Roboto"><B>AutoField</B></FONT>
    </TD></TR>
  
  
  
    <TR><TD ALIGN="LEFT" BORDER="0">
    <FONT COLOR="#7B7B7B" FACE="Roboto"><B>content_type</B></FONT>
    </TD><TD ALIGN="LEFT">
    <FONT COLOR="#7B7B7B" FACE="Roboto"><B>ForeignKey (id)</B></FONT>
    </TD></TR>
  
  
  
    <TR><TD ALIGN="LEFT" BORDER="0">
    <FONT FACE="Roboto"><B>user</B></FONT>
    </TD><TD ALIGN="LEFT">
    <FONT FACE="Roboto"><B>ForeignKey (id)</B></FONT>
    </TD></TR>
  
  
  
    <TR><TD ALIGN="LEFT" BORDER="0">
    <FONT FACE="Roboto">action_flag</FONT>
    </TD><TD ALIGN="LEFT">
    <FONT FACE="Roboto">PositiveSmallIntegerField</FONT>
    </TD></TR>
  
  
  
    <TR><TD ALIGN="LEFT" BORDER="0">
    <FONT FACE="Roboto">action_time</FONT>
    </TD><TD ALIGN="LEFT">
    <FONT FACE="Roboto">DateTimeField</FONT>
    </TD></TR>
  
  
  
    <TR><TD ALIGN="LEFT" BORDER="0">
    <FONT COLOR="#7B7B7B" FACE="Roboto">change_message</FONT>
    </TD><TD ALIGN="LEFT">
    <FONT COLOR="#7B7B7B" FACE="Roboto">TextField</FONT>
    </TD></TR>
  
  
  
    <TR><TD ALIGN="LEFT" BORDER="0">
    <FONT COLOR="#7B7B7B" FACE="Roboto">object_id</FONT>
    </TD><TD ALIGN="LEFT">
    <FONT COLOR="#7B7B7B" FACE="Roboto">TextField</FONT>
    </TD></TR>
  
  
  
    <TR><TD ALIGN="LEFT" BORDER="0">
    <FONT FACE="Roboto">object_repr</FONT>
    </TD><TD ALIGN="LEFT">
    <FONT FACE="Roboto">CharField</FONT>
    </TD></TR>
  
  
    </TABLE>
    >]




  django_celery_beat_models_SolarSchedule [label=<
    <TABLE BGCOLOR="white" BORDER="1" CELLBORDER="0" CELLSPACING="0">
    <TR><TD COLSPAN="2" CELLPADDING="5" ALIGN="CENTER" BGCOLOR="#1b563f">
    <FONT FACE="Roboto" COLOR="white" POINT-SIZE="10"><B>
    SolarSchedule
    </B></FONT></TD></TR>
  
  
    <TR><TD ALIGN="LEFT" BORDER="0">
    <FONT FACE="Roboto"><B>id</B></FONT>
    </TD><TD ALIGN="LEFT">
    <FONT FACE="Roboto"><B>AutoField</B></FONT>
    </TD></TR>
  
  
  
    <TR><TD ALIGN="LEFT" BORDER="0">
    <FONT FACE="Roboto">event</FONT>
    </TD><TD ALIGN="LEFT">
    <FONT FACE="Roboto">CharField</FONT>
    </TD></TR>
  
  
  
    <TR><TD ALIGN="LEFT" BORDER="0">
    <FONT FACE="Roboto">latitude</FONT>
    </TD><TD ALIGN="LEFT">
    <FONT FACE="Roboto">DecimalField</FONT>
    </TD></TR>
  
  
  
    <TR><TD ALIGN="LEFT" BORDER="0">
    <FONT FACE="Roboto">longitude</FONT>
    </TD><TD ALIGN="LEFT">
    <FONT FACE="Roboto">DecimalField</FONT>
    </TD></TR>
  
  
    </TABLE>
    >]

  django_celery_beat_models_IntervalSchedule [label=<
    <TABLE BGCOLOR="white" BORDER="1" CELLBORDER="0" CELLSPACING="0">
    <TR><TD COLSPAN="2" CELLPADDING="5" ALIGN="CENTER" BGCOLOR="#1b563f">
    <FONT FACE="Roboto" COLOR="white" POINT-SIZE="10"><B>
    IntervalSchedule
    </B></FONT></TD></TR>
  
  
    <TR><TD ALIGN="LEFT" BORDER="0">
    <FONT FACE="Roboto"><B>id</B></FONT>
    </TD><TD ALIGN="LEFT">
    <FONT FACE="Roboto"><B>AutoField</B></FONT>
    </TD></TR>
  
  
  
    <TR><TD ALIGN="LEFT" BORDER="0">
    <FONT FACE="Roboto">every</FONT>
    </TD><TD ALIGN="LEFT">
    <FONT FACE="Roboto">IntegerField</FONT>
    </TD></TR>
  
  
  
    <TR><TD ALIGN="LEFT" BORDER="0">
    <FONT FACE="Roboto">period</FONT>
    </TD><TD ALIGN="LEFT">
    <FONT FACE="Roboto">CharField</FONT>
    </TD></TR>
  
  
    </TABLE>
    >]

  django_celery_beat_models_ClockedSchedule [label=<
    <TABLE BGCOLOR="white" BORDER="1" CELLBORDER="0" CELLSPACING="0">
    <TR><TD COLSPAN="2" CELLPADDING="5" ALIGN="CENTER" BGCOLOR="#1b563f">
    <FONT FACE="Roboto" COLOR="white" POINT-SIZE="10"><B>
    ClockedSchedule
    </B></FONT></TD></TR>
  
  
    <TR><TD ALIGN="LEFT" BORDER="0">
    <FONT FACE="Roboto"><B>id</B></FONT>
    </TD><TD ALIGN="LEFT">
    <FONT FACE="Roboto"><B>AutoField</B></FONT>
    </TD></TR>
  
  
  
    <TR><TD ALIGN="LEFT" BORDER="0">
    <FONT FACE="Roboto">clocked_time</FONT>
    </TD><TD ALIGN="LEFT">
    <FONT FACE="Roboto">DateTimeField</FONT>
    </TD></TR>
  
  
    </TABLE>
    >]

  django_celery_beat_models_CrontabSchedule [label=<
    <TABLE BGCOLOR="white" BORDER="1" CELLBORDER="0" CELLSPACING="0">
    <TR><TD COLSPAN="2" CELLPADDING="5" ALIGN="CENTER" BGCOLOR="#1b563f">
    <FONT FACE="Roboto" COLOR="white" POINT-SIZE="10"><B>
    CrontabSchedule
    </B></FONT></TD></TR>
  
  
    <TR><TD ALIGN="LEFT" BORDER="0">
    <FONT FACE="Roboto"><B>id</B></FONT>
    </TD><TD ALIGN="LEFT">
    <FONT FACE="Roboto"><B>AutoField</B></FONT>
    </TD></TR>
  
  
  
    <TR><TD ALIGN="LEFT" BORDER="0">
    <FONT FACE="Roboto">day_of_month</FONT>
    </TD><TD ALIGN="LEFT">
    <FONT FACE="Roboto">CharField</FONT>
    </TD></TR>
  
  
  
    <TR><TD ALIGN="LEFT" BORDER="0">
    <FONT FACE="Roboto">day_of_week</FONT>
    </TD><TD ALIGN="LEFT">
    <FONT FACE="Roboto">CharField</FONT>
    </TD></TR>
  
  
  
    <TR><TD ALIGN="LEFT" BORDER="0">
    <FONT FACE="Roboto">hour</FONT>
    </TD><TD ALIGN="LEFT">
    <FONT FACE="Roboto">CharField</FONT>
    </TD></TR>
  
  
  
    <TR><TD ALIGN="LEFT" BORDER="0">
    <FONT FACE="Roboto">minute</FONT>
    </TD><TD ALIGN="LEFT">
    <FONT FACE="Roboto">CharField</FONT>
    </TD></TR>
  
  
  
    <TR><TD ALIGN="LEFT" BORDER="0">
    <FONT FACE="Roboto">month_of_year</FONT>
    </TD><TD ALIGN="LEFT">
    <FONT FACE="Roboto">CharField</FONT>
    </TD></TR>
  
  
  
    <TR><TD ALIGN="LEFT" BORDER="0">
    <FONT FACE="Roboto">timezone</FONT>
    </TD><TD ALIGN="LEFT">
    <FONT FACE="Roboto">TimeZoneField</FONT>
    </TD></TR>
  
  
    </TABLE>
    >]

  django_celery_beat_models_PeriodicTasks [label=<
    <TABLE BGCOLOR="white" BORDER="1" CELLBORDER="0" CELLSPACING="0">
    <TR><TD COLSPAN="2" CELLPADDING="5" ALIGN="CENTER" BGCOLOR="#1b563f">
    <FONT FACE="Roboto" COLOR="white" POINT-SIZE="10"><B>
    PeriodicTasks
    </B></FONT></TD></TR>
  
  
    <TR><TD ALIGN="LEFT" BORDER="0">
    <FONT FACE="Roboto"><B>ident</B></FONT>
    </TD><TD ALIGN="LEFT">
    <FONT FACE="Roboto"><B>SmallIntegerField</B></FONT>
    </TD></TR>
  
  
  
    <TR><TD ALIGN="LEFT" BORDER="0">
    <FONT FACE="Roboto">last_update</FONT>
    </TD><TD ALIGN="LEFT">
    <FONT FACE="Roboto">DateTimeField</FONT>
    </TD></TR>
  
  
    </TABLE>
    >]

  django_celery_beat_models_PeriodicTask [label=<
    <TABLE BGCOLOR="white" BORDER="1" CELLBORDER="0" CELLSPACING="0">
    <TR><TD COLSPAN="2" CELLPADDING="5" ALIGN="CENTER" BGCOLOR="#1b563f">
    <FONT FACE="Roboto" COLOR="white" POINT-SIZE="10"><B>
    PeriodicTask
    </B></FONT></TD></TR>
  
  
    <TR><TD ALIGN="LEFT" BORDER="0">
    <FONT FACE="Roboto"><B>id</B></FONT>
    </TD><TD ALIGN="LEFT">
    <FONT FACE="Roboto"><B>AutoField</B></FONT>
    </TD></TR>
  
  
  
    <TR><TD ALIGN="LEFT" BORDER="0">
    <FONT COLOR="#7B7B7B" FACE="Roboto"><B>clocked</B></FONT>
    </TD><TD ALIGN="LEFT">
    <FONT COLOR="#7B7B7B" FACE="Roboto"><B>ForeignKey (id)</B></FONT>
    </TD></TR>
  
  
  
    <TR><TD ALIGN="LEFT" BORDER="0">
    <FONT COLOR="#7B7B7B" FACE="Roboto"><B>crontab</B></FONT>
    </TD><TD ALIGN="LEFT">
    <FONT COLOR="#7B7B7B" FACE="Roboto"><B>ForeignKey (id)</B></FONT>
    </TD></TR>
  
  
  
    <TR><TD ALIGN="LEFT" BORDER="0">
    <FONT COLOR="#7B7B7B" FACE="Roboto"><B>interval</B></FONT>
    </TD><TD ALIGN="LEFT">
    <FONT COLOR="#7B7B7B" FACE="Roboto"><B>ForeignKey (id)</B></FONT>
    </TD></TR>
  
  
  
    <TR><TD ALIGN="LEFT" BORDER="0">
    <FONT COLOR="#7B7B7B" FACE="Roboto"><B>solar</B></FONT>
    </TD><TD ALIGN="LEFT">
    <FONT COLOR="#7B7B7B" FACE="Roboto"><B>ForeignKey (id)</B></FONT>
    </TD></TR>
  
  
  
    <TR><TD ALIGN="LEFT" BORDER="0">
    <FONT COLOR="#7B7B7B" FACE="Roboto">args</FONT>
    </TD><TD ALIGN="LEFT">
    <FONT COLOR="#7B7B7B" FACE="Roboto">TextField</FONT>
    </TD></TR>
  
  
  
    <TR><TD ALIGN="LEFT" BORDER="0">
    <FONT COLOR="#7B7B7B" FACE="Roboto">date_changed</FONT>
    </TD><TD ALIGN="LEFT">
    <FONT COLOR="#7B7B7B" FACE="Roboto">DateTimeField</FONT>
    </TD></TR>
  
  
  
    <TR><TD ALIGN="LEFT" BORDER="0">
    <FONT COLOR="#7B7B7B" FACE="Roboto">description</FONT>
    </TD><TD ALIGN="LEFT">
    <FONT COLOR="#7B7B7B" FACE="Roboto">TextField</FONT>
    </TD></TR>
  
  
  
    <TR><TD ALIGN="LEFT" BORDER="0">
    <FONT FACE="Roboto">enabled</FONT>
    </TD><TD ALIGN="LEFT">
    <FONT FACE="Roboto">BooleanField</FONT>
    </TD></TR>
  
  
  
    <TR><TD ALIGN="LEFT" BORDER="0">
    <FONT COLOR="#7B7B7B" FACE="Roboto">exchange</FONT>
    </TD><TD ALIGN="LEFT">
    <FONT COLOR="#7B7B7B" FACE="Roboto">CharField</FONT>
    </TD></TR>
  
  
  
    <TR><TD ALIGN="LEFT" BORDER="0">
    <FONT COLOR="#7B7B7B" FACE="Roboto">expire_seconds</FONT>
    </TD><TD ALIGN="LEFT">
    <FONT COLOR="#7B7B7B" FACE="Roboto">PositiveIntegerField</FONT>
    </TD></TR>
  
  
  
    <TR><TD ALIGN="LEFT" BORDER="0">
    <FONT COLOR="#7B7B7B" FACE="Roboto">expires</FONT>
    </TD><TD ALIGN="LEFT">
    <FONT COLOR="#7B7B7B" FACE="Roboto">DateTimeField</FONT>
    </TD></TR>
  
  
  
    <TR><TD ALIGN="LEFT" BORDER="0">
    <FONT COLOR="#7B7B7B" FACE="Roboto">headers</FONT>
    </TD><TD ALIGN="LEFT">
    <FONT COLOR="#7B7B7B" FACE="Roboto">TextField</FONT>
    </TD></TR>
  
  
  
    <TR><TD ALIGN="LEFT" BORDER="0">
    <FONT COLOR="#7B7B7B" FACE="Roboto">kwargs</FONT>
    </TD><TD ALIGN="LEFT">
    <FONT COLOR="#7B7B7B" FACE="Roboto">TextField</FONT>
    </TD></TR>
  
  
  
    <TR><TD ALIGN="LEFT" BORDER="0">
    <FONT COLOR="#7B7B7B" FACE="Roboto">last_run_at</FONT>
    </TD><TD ALIGN="LEFT">
    <FONT COLOR="#7B7B7B" FACE="Roboto">DateTimeField</FONT>
    </TD></TR>
  
  
  
    <TR><TD ALIGN="LEFT" BORDER="0">
    <FONT FACE="Roboto">name</FONT>
    </TD><TD ALIGN="LEFT">
    <FONT FACE="Roboto">CharField</FONT>
    </TD></TR>
  
  
  
    <TR><TD ALIGN="LEFT" BORDER="0">
    <FONT FACE="Roboto">one_off</FONT>
    </TD><TD ALIGN="LEFT">
    <FONT FACE="Roboto">BooleanField</FONT>
    </TD></TR>
  
  
  
    <TR><TD ALIGN="LEFT" BORDER="0">
    <FONT COLOR="#7B7B7B" FACE="Roboto">priority</FONT>
    </TD><TD ALIGN="LEFT">
    <FONT COLOR="#7B7B7B" FACE="Roboto">PositiveIntegerField</FONT>
    </TD></TR>
  
  
  
    <TR><TD ALIGN="LEFT" BORDER="0">
    <FONT COLOR="#7B7B7B" FACE="Roboto">queue</FONT>
    </TD><TD ALIGN="LEFT">
    <FONT COLOR="#7B7B7B" FACE="Roboto">CharField</FONT>
    </TD></TR>
  
  
  
    <TR><TD ALIGN="LEFT" BORDER="0">
    <FONT COLOR="#7B7B7B" FACE="Roboto">routing_key</FONT>
    </TD><TD ALIGN="LEFT">
    <FONT COLOR="#7B7B7B" FACE="Roboto">CharField</FONT>
    </TD></TR>
  
  
  
    <TR><TD ALIGN="LEFT" BORDER="0">
    <FONT COLOR="#7B7B7B" FACE="Roboto">start_time</FONT>
    </TD><TD ALIGN="LEFT">
    <FONT COLOR="#7B7B7B" FACE="Roboto">DateTimeField</FONT>
    </TD></TR>
  
  
  
    <TR><TD ALIGN="LEFT" BORDER="0">
    <FONT FACE="Roboto">task</FONT>
    </TD><TD ALIGN="LEFT">
    <FONT FACE="Roboto">CharField</FONT>
    </TD></TR>
  
  
  
    <TR><TD ALIGN="LEFT" BORDER="0">
    <FONT FACE="Roboto">total_run_count</FONT>
    </TD><TD ALIGN="LEFT">
    <FONT FACE="Roboto">PositiveIntegerField</FONT>
    </TD></TR>
  
  
    </TABLE>
    >]




  taggit_models_TaggedItemBase [label=<
    <TABLE BGCOLOR="white" BORDER="1" CELLBORDER="0" CELLSPACING="0">
    <TR><TD COLSPAN="2" CELLPADDING="5" ALIGN="CENTER" BGCOLOR="#1b563f">
    <FONT FACE="Roboto" COLOR="white" POINT-SIZE="10"><B>
    TaggedItemBase<BR/>&lt;<FONT FACE="Roboto"><I>ItemBase</I></FONT>&gt;
    </B></FONT></TD></TR>
  
  
    <TR><TD ALIGN="LEFT" BORDER="0">
    <FONT FACE="Roboto"><B>tag</B></FONT>
    </TD><TD ALIGN="LEFT">
    <FONT FACE="Roboto"><B>ForeignKey (id)</B></FONT>
    </TD></TR>
  
  
    </TABLE>
    >]

  taggit_models_TagBase [label=<
    <TABLE BGCOLOR="white" BORDER="1" CELLBORDER="0" CELLSPACING="0">
    <TR><TD COLSPAN="2" CELLPADDING="5" ALIGN="CENTER" BGCOLOR="#1b563f">
    <FONT FACE="Roboto" COLOR="white" POINT-SIZE="10"><B>
    TagBase
    </B></FONT></TD></TR>
  
  
    <TR><TD ALIGN="LEFT" BORDER="0">
    <FONT FACE="Roboto">name</FONT>
    </TD><TD ALIGN="LEFT">
    <FONT FACE="Roboto">CharField</FONT>
    </TD></TR>
  
  
  
    <TR><TD ALIGN="LEFT" BORDER="0">
    <FONT FACE="Roboto">slug</FONT>
    </TD><TD ALIGN="LEFT">
    <FONT FACE="Roboto">SlugField</FONT>
    </TD></TR>
  
  
    </TABLE>
    >]

  taggit_models_GenericTaggedItemBase [label=<
    <TABLE BGCOLOR="white" BORDER="1" CELLBORDER="0" CELLSPACING="0">
    <TR><TD COLSPAN="2" CELLPADDING="5" ALIGN="CENTER" BGCOLOR="#1b563f">
    <FONT FACE="Roboto" COLOR="white" POINT-SIZE="10"><B>
    GenericTaggedItemBase<BR/>&lt;<FONT FACE="Roboto"><I>CommonGenericTaggedItemBase</I></FONT>&gt;
    </B></FONT></TD></TR>
  
  
    <TR><TD ALIGN="LEFT" BORDER="0">
    <FONT FACE="Roboto"><I><B>content_type</B></I></FONT>
    </TD><TD ALIGN="LEFT">
    <FONT FACE="Roboto"><I><B>ForeignKey (id)</B></I></FONT>
    </TD></TR>
  
  
  
    <TR><TD ALIGN="LEFT" BORDER="0">
    <FONT FACE="Roboto">object_id</FONT>
    </TD><TD ALIGN="LEFT">
    <FONT FACE="Roboto">IntegerField</FONT>
    </TD></TR>
  
  
    </TABLE>
    >]

  taggit_models_Tag [label=<
    <TABLE BGCOLOR="white" BORDER="1" CELLBORDER="0" CELLSPACING="0">
    <TR><TD COLSPAN="2" CELLPADDING="5" ALIGN="CENTER" BGCOLOR="#1b563f">
    <FONT FACE="Roboto" COLOR="white" POINT-SIZE="10"><B>
    Tag<BR/>&lt;<FONT FACE="Roboto"><I>TagBase</I></FONT>&gt;
    </B></FONT></TD></TR>
  
  
    <TR><TD ALIGN="LEFT" BORDER="0">
    <FONT FACE="Roboto"><B>id</B></FONT>
    </TD><TD ALIGN="LEFT">
    <FONT FACE="Roboto"><B>AutoField</B></FONT>
    </TD></TR>
  
  
  
    <TR><TD ALIGN="LEFT" BORDER="0">
    <FONT FACE="Roboto"><I>name</I></FONT>
    </TD><TD ALIGN="LEFT">
    <FONT FACE="Roboto"><I>CharField</I></FONT>
    </TD></TR>
  
  
  
    <TR><TD ALIGN="LEFT" BORDER="0">
    <FONT FACE="Roboto"><I>slug</I></FONT>
    </TD><TD ALIGN="LEFT">
    <FONT FACE="Roboto"><I>SlugField</I></FONT>
    </TD></TR>
  
  
    </TABLE>
    >]

  taggit_models_TaggedItem [label=<
    <TABLE BGCOLOR="white" BORDER="1" CELLBORDER="0" CELLSPACING="0">
    <TR><TD COLSPAN="2" CELLPADDING="5" ALIGN="CENTER" BGCOLOR="#1b563f">
    <FONT FACE="Roboto" COLOR="white" POINT-SIZE="10"><B>
    TaggedItem<BR/>&lt;<FONT FACE="Roboto"><I>GenericTaggedItemBase,TaggedItemBase</I></FONT>&gt;
    </B></FONT></TD></TR>
  
  
    <TR><TD ALIGN="LEFT" BORDER="0">
    <FONT FACE="Roboto"><B>id</B></FONT>
    </TD><TD ALIGN="LEFT">
    <FONT FACE="Roboto"><B>AutoField</B></FONT>
    </TD></TR>
  
  
  
    <TR><TD ALIGN="LEFT" BORDER="0">
    <FONT FACE="Roboto"><I><B>content_type</B></I></FONT>
    </TD><TD ALIGN="LEFT">
    <FONT FACE="Roboto"><I><B>ForeignKey (id)</B></I></FONT>
    </TD></TR>
  
  
  
    <TR><TD ALIGN="LEFT" BORDER="0">
    <FONT FACE="Roboto"><I><B>tag</B></I></FONT>
    </TD><TD ALIGN="LEFT">
    <FONT FACE="Roboto"><I><B>ForeignKey (id)</B></I></FONT>
    </TD></TR>
  
  
  
    <TR><TD ALIGN="LEFT" BORDER="0">
    <FONT FACE="Roboto"><I>object_id</I></FONT>
    </TD><TD ALIGN="LEFT">
    <FONT FACE="Roboto"><I>IntegerField</I></FONT>
    </TD></TR>
  
  
    </TABLE>
    >]




  taggit_models_TagBase [label=<
    <TABLE BGCOLOR="white" BORDER="1" CELLBORDER="0" CELLSPACING="0">
    <TR><TD COLSPAN="2" CELLPADDING="5" ALIGN="CENTER" BGCOLOR="#1b563f">
    <FONT FACE="Roboto" COLOR="white" POINT-SIZE="10"><B>
    TagBase
    </B></FONT></TD></TR>
  
  
    <TR><TD ALIGN="LEFT" BORDER="0">
    <FONT FACE="Roboto">name</FONT>
    </TD><TD ALIGN="LEFT">
    <FONT FACE="Roboto">CharField</FONT>
    </TD></TR>
  
  
  
    <TR><TD ALIGN="LEFT" BORDER="0">
    <FONT FACE="Roboto">slug</FONT>
    </TD><TD ALIGN="LEFT">
    <FONT FACE="Roboto">SlugField</FONT>
    </TD></TR>
  
  
    </TABLE>
    >]

  taggit_models_GenericTaggedItemBase [label=<
    <TABLE BGCOLOR="white" BORDER="1" CELLBORDER="0" CELLSPACING="0">
    <TR><TD COLSPAN="2" CELLPADDING="5" ALIGN="CENTER" BGCOLOR="#1b563f">
    <FONT FACE="Roboto" COLOR="white" POINT-SIZE="10"><B>
    GenericTaggedItemBase<BR/>&lt;<FONT FACE="Roboto"><I>CommonGenericTaggedItemBase</I></FONT>&gt;
    </B></FONT></TD></TR>
  
  
    <TR><TD ALIGN="LEFT" BORDER="0">
    <FONT FACE="Roboto"><I><B>content_type</B></I></FONT>
    </TD><TD ALIGN="LEFT">
    <FONT FACE="Roboto"><I><B>ForeignKey (id)</B></I></FONT>
    </TD></TR>
  
  
  
    <TR><TD ALIGN="LEFT" BORDER="0">
    <FONT FACE="Roboto">object_id</FONT>
    </TD><TD ALIGN="LEFT">
    <FONT FACE="Roboto">IntegerField</FONT>
    </TD></TR>
  
  
    </TABLE>
    >]

  methlab_shop_models_InternalInfo [label=<
    <TABLE BGCOLOR="white" BORDER="1" CELLBORDER="0" CELLSPACING="0">
    <TR><TD COLSPAN="2" CELLPADDING="5" ALIGN="CENTER" BGCOLOR="#1b563f">
    <FONT FACE="Roboto" COLOR="white" POINT-SIZE="10"><B>
    InternalInfo
    </B></FONT></TD></TR>
  
  
    <TR><TD ALIGN="LEFT" BORDER="0">
    <FONT FACE="Roboto"><B>id</B></FONT>
    </TD><TD ALIGN="LEFT">
    <FONT FACE="Roboto"><B>AutoField</B></FONT>
    </TD></TR>
  
  
  
    <TR><TD ALIGN="LEFT" BORDER="0">
    <FONT FACE="Roboto">cortex_api</FONT>
    </TD><TD ALIGN="LEFT">
    <FONT FACE="Roboto">CharField</FONT>
    </TD></TR>
  
  
  
    <TR><TD ALIGN="LEFT" BORDER="0">
    <FONT FACE="Roboto">cortex_expiration_days</FONT>
    </TD><TD ALIGN="LEFT">
    <FONT FACE="Roboto">IntegerField</FONT>
    </TD></TR>
  
  
  
    <TR><TD ALIGN="LEFT" BORDER="0">
    <FONT FACE="Roboto">cortex_url</FONT>
    </TD><TD ALIGN="LEFT">
    <FONT FACE="Roboto">CharField</FONT>
    </TD></TR>
  
  
  
    <TR><TD ALIGN="LEFT" BORDER="0">
    <FONT COLOR="#7B7B7B" FACE="Roboto">honeypot_emails</FONT>
    </TD><TD ALIGN="LEFT">
    <FONT COLOR="#7B7B7B" FACE="Roboto">ArrayField</FONT>
    </TD></TR>
  
  
  
    <TR><TD ALIGN="LEFT" BORDER="0">
    <FONT COLOR="#7B7B7B" FACE="Roboto">http_proxy</FONT>
    </TD><TD ALIGN="LEFT">
    <FONT COLOR="#7B7B7B" FACE="Roboto">CharField</FONT>
    </TD></TR>
  
  
  
    <TR><TD ALIGN="LEFT" BORDER="0">
    <FONT COLOR="#7B7B7B" FACE="Roboto">https_proxy</FONT>
    </TD><TD ALIGN="LEFT">
    <FONT COLOR="#7B7B7B" FACE="Roboto">CharField</FONT>
    </TD></TR>
  
  
  
    <TR><TD ALIGN="LEFT" BORDER="0">
    <FONT FACE="Roboto">imap_folder</FONT>
    </TD><TD ALIGN="LEFT">
    <FONT FACE="Roboto">CharField</FONT>
    </TD></TR>
  
  
  
    <TR><TD ALIGN="LEFT" BORDER="0">
    <FONT FACE="Roboto">imap_password</FONT>
    </TD><TD ALIGN="LEFT">
    <FONT FACE="Roboto">CharField</FONT>
    </TD></TR>
  
  
  
    <TR><TD ALIGN="LEFT" BORDER="0">
    <FONT FACE="Roboto">imap_server</FONT>
    </TD><TD ALIGN="LEFT">
    <FONT FACE="Roboto">CharField</FONT>
    </TD></TR>
  
  
  
    <TR><TD ALIGN="LEFT" BORDER="0">
    <FONT FACE="Roboto">imap_username</FONT>
    </TD><TD ALIGN="LEFT">
    <FONT FACE="Roboto">CharField</FONT>
    </TD></TR>
  
  
  
    <TR><TD ALIGN="LEFT" BORDER="0">
    <FONT COLOR="#7B7B7B" FACE="Roboto">internal_domains</FONT>
    </TD><TD ALIGN="LEFT">
    <FONT COLOR="#7B7B7B" FACE="Roboto">ArrayField</FONT>
    </TD></TR>
  
  
  
    <TR><TD ALIGN="LEFT" BORDER="0">
    <FONT COLOR="#7B7B7B" FACE="Roboto">mimetype_whitelist</FONT>
    </TD><TD ALIGN="LEFT">
    <FONT COLOR="#7B7B7B" FACE="Roboto">ArrayField</FONT>
    </TD></TR>
  
  
  
    <TR><TD ALIGN="LEFT" BORDER="0">
    <FONT COLOR="#7B7B7B" FACE="Roboto">misp_api</FONT>
    </TD><TD ALIGN="LEFT">
    <FONT COLOR="#7B7B7B" FACE="Roboto">CharField</FONT>
    </TD></TR>
  
  
  
    <TR><TD ALIGN="LEFT" BORDER="0">
    <FONT COLOR="#7B7B7B" FACE="Roboto">misp_url</FONT>
    </TD><TD ALIGN="LEFT">
    <FONT COLOR="#7B7B7B" FACE="Roboto">CharField</FONT>
    </TD></TR>
  
  
  
    <TR><TD ALIGN="LEFT" BORDER="0">
    <FONT FACE="Roboto">name</FONT>
    </TD><TD ALIGN="LEFT">
    <FONT FACE="Roboto">CharField</FONT>
    </TD></TR>
  
  
  
    <TR><TD ALIGN="LEFT" BORDER="0">
    <FONT COLOR="#7B7B7B" FACE="Roboto">security_emails</FONT>
    </TD><TD ALIGN="LEFT">
    <FONT COLOR="#7B7B7B" FACE="Roboto">ArrayField</FONT>
    </TD></TR>
  
  
  
    <TR><TD ALIGN="LEFT" BORDER="0">
    <FONT FACE="Roboto">vip_domain</FONT>
    </TD><TD ALIGN="LEFT">
    <FONT FACE="Roboto">CharField</FONT>
    </TD></TR>
  
  
  
    <TR><TD ALIGN="LEFT" BORDER="0">
    <FONT COLOR="#7B7B7B" FACE="Roboto">vip_list</FONT>
    </TD><TD ALIGN="LEFT">
    <FONT COLOR="#7B7B7B" FACE="Roboto">ArrayField</FONT>
    </TD></TR>
  
  
  
    <TR><TD ALIGN="LEFT" BORDER="0">
    <FONT FACE="Roboto">whois_expiration_days</FONT>
    </TD><TD ALIGN="LEFT">
    <FONT FACE="Roboto">IntegerField</FONT>
    </TD></TR>
  
  
    </TABLE>
    >]

  methlab_shop_models_Analyzer [label=<
    <TABLE BGCOLOR="white" BORDER="1" CELLBORDER="0" CELLSPACING="0">
    <TR><TD COLSPAN="2" CELLPADDING="5" ALIGN="CENTER" BGCOLOR="#1b563f">
    <FONT FACE="Roboto" COLOR="white" POINT-SIZE="10"><B>
    Analyzer
    </B></FONT></TD></TR>
  
  
    <TR><TD ALIGN="LEFT" BORDER="0">
    <FONT FACE="Roboto"><B>id</B></FONT>
    </TD><TD ALIGN="LEFT">
    <FONT FACE="Roboto"><B>AutoField</B></FONT>
    </TD></TR>
  
  
  
    <TR><TD ALIGN="LEFT" BORDER="0">
    <FONT FACE="Roboto">disabled</FONT>
    </TD><TD ALIGN="LEFT">
    <FONT FACE="Roboto">BooleanField</FONT>
    </TD></TR>
  
  
  
    <TR><TD ALIGN="LEFT" BORDER="0">
    <FONT COLOR="#7B7B7B" FACE="Roboto">name</FONT>
    </TD><TD ALIGN="LEFT">
    <FONT COLOR="#7B7B7B" FACE="Roboto">CharField</FONT>
    </TD></TR>
  
  
  
    <TR><TD ALIGN="LEFT" BORDER="0">
    <FONT FACE="Roboto">onpremise</FONT>
    </TD><TD ALIGN="LEFT">
    <FONT FACE="Roboto">BooleanField</FONT>
    </TD></TR>
  
  
  
    <TR><TD ALIGN="LEFT" BORDER="0">
    <FONT FACE="Roboto">priority</FONT>
    </TD><TD ALIGN="LEFT">
    <FONT FACE="Roboto">PositiveIntegerField</FONT>
    </TD></TR>
  
  
  
    <TR><TD ALIGN="LEFT" BORDER="0">
    <FONT COLOR="#7B7B7B" FACE="Roboto">supported_types</FONT>
    </TD><TD ALIGN="LEFT">
    <FONT COLOR="#7B7B7B" FACE="Roboto">ArrayField</FONT>
    </TD></TR>
  
  
    </TABLE>
    >]

  methlab_shop_models_Report [label=<
    <TABLE BGCOLOR="white" BORDER="1" CELLBORDER="0" CELLSPACING="0">
    <TR><TD COLSPAN="2" CELLPADDING="5" ALIGN="CENTER" BGCOLOR="#1b563f">
    <FONT FACE="Roboto" COLOR="white" POINT-SIZE="10"><B>
    Report
    </B></FONT></TD></TR>
  
  
    <TR><TD ALIGN="LEFT" BORDER="0">
    <FONT FACE="Roboto"><B>id</B></FONT>
    </TD><TD ALIGN="LEFT">
    <FONT FACE="Roboto"><B>AutoField</B></FONT>
    </TD></TR>
  
  
  
    <TR><TD ALIGN="LEFT" BORDER="0">
    <FONT COLOR="#7B7B7B" FACE="Roboto"><B>analyzer</B></FONT>
    </TD><TD ALIGN="LEFT">
    <FONT COLOR="#7B7B7B" FACE="Roboto"><B>ForeignKey (id)</B></FONT>
    </TD></TR>
  
  
  
    <TR><TD ALIGN="LEFT" BORDER="0">
    <FONT FACE="Roboto"><B>content_type</B></FONT>
    </TD><TD ALIGN="LEFT">
    <FONT FACE="Roboto"><B>ForeignKey (id)</B></FONT>
    </TD></TR>
  
  
  
    <TR><TD ALIGN="LEFT" BORDER="0">
    <FONT COLOR="#7B7B7B" FACE="Roboto">date</FONT>
    </TD><TD ALIGN="LEFT">
    <FONT COLOR="#7B7B7B" FACE="Roboto">DateField</FONT>
    </TD></TR>
  
  
  
    <TR><TD ALIGN="LEFT" BORDER="0">
    <FONT FACE="Roboto">object_id</FONT>
    </TD><TD ALIGN="LEFT">
    <FONT FACE="Roboto">PositiveIntegerField</FONT>
    </TD></TR>
  
  
  
    <TR><TD ALIGN="LEFT" BORDER="0">
    <FONT COLOR="#7B7B7B" FACE="Roboto">response</FONT>
    </TD><TD ALIGN="LEFT">
    <FONT COLOR="#7B7B7B" FACE="Roboto">JSONField</FONT>
    </TD></TR>
  
  
  
    <TR><TD ALIGN="LEFT" BORDER="0">
    <FONT FACE="Roboto">success</FONT>
    </TD><TD ALIGN="LEFT">
    <FONT FACE="Roboto">BooleanField</FONT>
    </TD></TR>
  
  
  
    <TR><TD ALIGN="LEFT" BORDER="0">
    <FONT COLOR="#7B7B7B" FACE="Roboto">taxonomies</FONT>
    </TD><TD ALIGN="LEFT">
    <FONT COLOR="#7B7B7B" FACE="Roboto">ArrayField</FONT>
    </TD></TR>
  
  
    </TABLE>
    >]

  methlab_shop_models_Whois [label=<
    <TABLE BGCOLOR="white" BORDER="1" CELLBORDER="0" CELLSPACING="0">
    <TR><TD COLSPAN="2" CELLPADDING="5" ALIGN="CENTER" BGCOLOR="#1b563f">
    <FONT FACE="Roboto" COLOR="white" POINT-SIZE="10"><B>
    Whois
    </B></FONT></TD></TR>
  
  
    <TR><TD ALIGN="LEFT" BORDER="0">
    <FONT FACE="Roboto"><B>id</B></FONT>
    </TD><TD ALIGN="LEFT">
    <FONT FACE="Roboto"><B>AutoField</B></FONT>
    </TD></TR>
  
  
  
    <TR><TD ALIGN="LEFT" BORDER="0">
    <FONT COLOR="#7B7B7B" FACE="Roboto">date</FONT>
    </TD><TD ALIGN="LEFT">
    <FONT COLOR="#7B7B7B" FACE="Roboto">DateField</FONT>
    </TD></TR>
  
  
  
    <TR><TD ALIGN="LEFT" BORDER="0">
    <FONT COLOR="#7B7B7B" FACE="Roboto">response</FONT>
    </TD><TD ALIGN="LEFT">
    <FONT COLOR="#7B7B7B" FACE="Roboto">JSONField</FONT>
    </TD></TR>
  
  
    </TABLE>
    >]

  methlab_shop_models_Whitelist [label=<
    <TABLE BGCOLOR="white" BORDER="1" CELLBORDER="0" CELLSPACING="0">
    <TR><TD COLSPAN="2" CELLPADDING="5" ALIGN="CENTER" BGCOLOR="#1b563f">
    <FONT FACE="Roboto" COLOR="white" POINT-SIZE="10"><B>
    Whitelist
    </B></FONT></TD></TR>
  
  
    <TR><TD ALIGN="LEFT" BORDER="0">
    <FONT FACE="Roboto"><B>id</B></FONT>
    </TD><TD ALIGN="LEFT">
    <FONT FACE="Roboto"><B>AutoField</B></FONT>
    </TD></TR>
  
  
  
    <TR><TD ALIGN="LEFT" BORDER="0">
    <FONT FACE="Roboto">type</FONT>
    </TD><TD ALIGN="LEFT">
    <FONT FACE="Roboto">CharField</FONT>
    </TD></TR>
  
  
  
    <TR><TD ALIGN="LEFT" BORDER="0">
    <FONT FACE="Roboto">value</FONT>
    </TD><TD ALIGN="LEFT">
    <FONT FACE="Roboto">CharField</FONT>
    </TD></TR>
  
  
    </TABLE>
    >]

  methlab_shop_models_Flag [label=<
    <TABLE BGCOLOR="white" BORDER="1" CELLBORDER="0" CELLSPACING="0">
    <TR><TD COLSPAN="2" CELLPADDING="5" ALIGN="CENTER" BGCOLOR="#1b563f">
    <FONT FACE="Roboto" COLOR="white" POINT-SIZE="10"><B>
    Flag<BR/>&lt;<FONT FACE="Roboto"><I>TagBase</I></FONT>&gt;
    </B></FONT></TD></TR>
  
  
    <TR><TD ALIGN="LEFT" BORDER="0">
    <FONT FACE="Roboto"><B>id</B></FONT>
    </TD><TD ALIGN="LEFT">
    <FONT FACE="Roboto"><B>AutoField</B></FONT>
    </TD></TR>
  
  
  
    <TR><TD ALIGN="LEFT" BORDER="0">
    <FONT FACE="Roboto">color</FONT>
    </TD><TD ALIGN="LEFT">
    <FONT FACE="Roboto">ColorField</FONT>
    </TD></TR>
  
  
  
    <TR><TD ALIGN="LEFT" BORDER="0">
    <FONT FACE="Roboto"><I>name</I></FONT>
    </TD><TD ALIGN="LEFT">
    <FONT FACE="Roboto"><I>CharField</I></FONT>
    </TD></TR>
  
  
  
    <TR><TD ALIGN="LEFT" BORDER="0">
    <FONT FACE="Roboto"><I>slug</I></FONT>
    </TD><TD ALIGN="LEFT">
    <FONT FACE="Roboto"><I>SlugField</I></FONT>
    </TD></TR>
  
  
  
    <TR><TD ALIGN="LEFT" BORDER="0">
    <FONT FACE="Roboto">visible</FONT>
    </TD><TD ALIGN="LEFT">
    <FONT FACE="Roboto">BooleanField</FONT>
    </TD></TR>
  
  
    </TABLE>
    >]

  methlab_shop_models_CustomTag [label=<
    <TABLE BGCOLOR="white" BORDER="1" CELLBORDER="0" CELLSPACING="0">
    <TR><TD COLSPAN="2" CELLPADDING="5" ALIGN="CENTER" BGCOLOR="#1b563f">
    <FONT FACE="Roboto" COLOR="white" POINT-SIZE="10"><B>
    CustomTag<BR/>&lt;<FONT FACE="Roboto"><I>GenericTaggedItemBase</I></FONT>&gt;
    </B></FONT></TD></TR>
  
  
    <TR><TD ALIGN="LEFT" BORDER="0">
    <FONT FACE="Roboto"><B>id</B></FONT>
    </TD><TD ALIGN="LEFT">
    <FONT FACE="Roboto"><B>AutoField</B></FONT>
    </TD></TR>
  
  
  
    <TR><TD ALIGN="LEFT" BORDER="0">
    <FONT FACE="Roboto"><I><B>content_type</B></I></FONT>
    </TD><TD ALIGN="LEFT">
    <FONT FACE="Roboto"><I><B>ForeignKey (id)</B></I></FONT>
    </TD></TR>
  
  
  
    <TR><TD ALIGN="LEFT" BORDER="0">
    <FONT FACE="Roboto"><B>tag</B></FONT>
    </TD><TD ALIGN="LEFT">
    <FONT FACE="Roboto"><B>ForeignKey (id)</B></FONT>
    </TD></TR>
  
  
  
    <TR><TD ALIGN="LEFT" BORDER="0">
    <FONT FACE="Roboto"><I>object_id</I></FONT>
    </TD><TD ALIGN="LEFT">
    <FONT FACE="Roboto"><I>IntegerField</I></FONT>
    </TD></TR>
  
  
    </TABLE>
    >]

  methlab_shop_models_Attachment [label=<
    <TABLE BGCOLOR="white" BORDER="1" CELLBORDER="0" CELLSPACING="0">
    <TR><TD COLSPAN="2" CELLPADDING="5" ALIGN="CENTER" BGCOLOR="#1b563f">
    <FONT FACE="Roboto" COLOR="white" POINT-SIZE="10"><B>
    Attachment
    </B></FONT></TD></TR>
  
  
    <TR><TD ALIGN="LEFT" BORDER="0">
    <FONT FACE="Roboto"><B>id</B></FONT>
    </TD><TD ALIGN="LEFT">
    <FONT FACE="Roboto"><B>AutoField</B></FONT>
    </TD></TR>
  
  
  
    <TR><TD ALIGN="LEFT" BORDER="0">
    <FONT FACE="Roboto">binary</FONT>
    </TD><TD ALIGN="LEFT">
    <FONT FACE="Roboto">BooleanField</FONT>
    </TD></TR>
  
  
  
    <TR><TD ALIGN="LEFT" BORDER="0">
    <FONT COLOR="#7B7B7B" FACE="Roboto">charset</FONT>
    </TD><TD ALIGN="LEFT">
    <FONT COLOR="#7B7B7B" FACE="Roboto">CharField</FONT>
    </TD></TR>
  
  
  
    <TR><TD ALIGN="LEFT" BORDER="0">
    <FONT COLOR="#7B7B7B" FACE="Roboto">content_disposition</FONT>
    </TD><TD ALIGN="LEFT">
    <FONT COLOR="#7B7B7B" FACE="Roboto">TextField</FONT>
    </TD></TR>
  
  
  
    <TR><TD ALIGN="LEFT" BORDER="0">
    <FONT COLOR="#7B7B7B" FACE="Roboto">content_id</FONT>
    </TD><TD ALIGN="LEFT">
    <FONT COLOR="#7B7B7B" FACE="Roboto">CharField</FONT>
    </TD></TR>
  
  
  
    <TR><TD ALIGN="LEFT" BORDER="0">
    <FONT COLOR="#7B7B7B" FACE="Roboto">content_transfer_encoding</FONT>
    </TD><TD ALIGN="LEFT">
    <FONT COLOR="#7B7B7B" FACE="Roboto">CharField</FONT>
    </TD></TR>
  
  
  
    <TR><TD ALIGN="LEFT" BORDER="0">
    <FONT COLOR="#7B7B7B" FACE="Roboto">filename</FONT>
    </TD><TD ALIGN="LEFT">
    <FONT COLOR="#7B7B7B" FACE="Roboto">ArrayField</FONT>
    </TD></TR>
  
  
  
    <TR><TD ALIGN="LEFT" BORDER="0">
    <FONT COLOR="#7B7B7B" FACE="Roboto">filepath</FONT>
    </TD><TD ALIGN="LEFT">
    <FONT COLOR="#7B7B7B" FACE="Roboto">CharField</FONT>
    </TD></TR>
  
  
  
    <TR><TD ALIGN="LEFT" BORDER="0">
    <FONT COLOR="#7B7B7B" FACE="Roboto">mail_content_type</FONT>
    </TD><TD ALIGN="LEFT">
    <FONT COLOR="#7B7B7B" FACE="Roboto">CharField</FONT>
    </TD></TR>
  
  
  
    <TR><TD ALIGN="LEFT" BORDER="0">
    <FONT COLOR="#7B7B7B" FACE="Roboto">md5</FONT>
    </TD><TD ALIGN="LEFT">
    <FONT COLOR="#7B7B7B" FACE="Roboto">CharField</FONT>
    </TD></TR>
  
  
  
    <TR><TD ALIGN="LEFT" BORDER="0">
    <FONT COLOR="#7B7B7B" FACE="Roboto">sha1</FONT>
    </TD><TD ALIGN="LEFT">
    <FONT COLOR="#7B7B7B" FACE="Roboto">CharField</FONT>
    </TD></TR>
  
  
  
    <TR><TD ALIGN="LEFT" BORDER="0">
    <FONT COLOR="#7B7B7B" FACE="Roboto">sha256</FONT>
    </TD><TD ALIGN="LEFT">
    <FONT COLOR="#7B7B7B" FACE="Roboto">CharField</FONT>
    </TD></TR>
  
  
  
    <TR><TD ALIGN="LEFT" BORDER="0">
    <FONT FACE="Roboto">taxonomy</FONT>
    </TD><TD ALIGN="LEFT">
    <FONT FACE="Roboto">IntegerField</FONT>
    </TD></TR>
  
  
  
    <TR><TD ALIGN="LEFT" BORDER="0">
    <FONT FACE="Roboto">whitelisted</FONT>
    </TD><TD ALIGN="LEFT">
    <FONT FACE="Roboto">BooleanField</FONT>
    </TD></TR>
  
  
    </TABLE>
    >]

  methlab_shop_models_Address [label=<
    <TABLE BGCOLOR="white" BORDER="1" CELLBORDER="0" CELLSPACING="0">
    <TR><TD COLSPAN="2" CELLPADDING="5" ALIGN="CENTER" BGCOLOR="#1b563f">
    <FONT FACE="Roboto" COLOR="white" POINT-SIZE="10"><B>
    Address
    </B></FONT></TD></TR>
  
  
    <TR><TD ALIGN="LEFT" BORDER="0">
    <FONT FACE="Roboto"><B>id</B></FONT>
    </TD><TD ALIGN="LEFT">
    <FONT FACE="Roboto"><B>AutoField</B></FONT>
    </TD></TR>
  
  
  
    <TR><TD ALIGN="LEFT" BORDER="0">
    <FONT FACE="Roboto">address</FONT>
    </TD><TD ALIGN="LEFT">
    <FONT FACE="Roboto">EmailField</FONT>
    </TD></TR>
  
  
  
    <TR><TD ALIGN="LEFT" BORDER="0">
    <FONT FACE="Roboto">domain</FONT>
    </TD><TD ALIGN="LEFT">
    <FONT FACE="Roboto">CharField</FONT>
    </TD></TR>
  
  
  
    <TR><TD ALIGN="LEFT" BORDER="0">
    <FONT COLOR="#7B7B7B" FACE="Roboto">mx_check</FONT>
    </TD><TD ALIGN="LEFT">
    <FONT COLOR="#7B7B7B" FACE="Roboto">TextField</FONT>
    </TD></TR>
  
  
  
    <TR><TD ALIGN="LEFT" BORDER="0">
    <FONT COLOR="#7B7B7B" FACE="Roboto">name</FONT>
    </TD><TD ALIGN="LEFT">
    <FONT COLOR="#7B7B7B" FACE="Roboto">ArrayField</FONT>
    </TD></TR>
  
  
  
    <TR><TD ALIGN="LEFT" BORDER="0">
    <FONT FACE="Roboto">taxonomy</FONT>
    </TD><TD ALIGN="LEFT">
    <FONT FACE="Roboto">IntegerField</FONT>
    </TD></TR>
  
  
    </TABLE>
    >]

  methlab_shop_models_Domain [label=<
    <TABLE BGCOLOR="white" BORDER="1" CELLBORDER="0" CELLSPACING="0">
    <TR><TD COLSPAN="2" CELLPADDING="5" ALIGN="CENTER" BGCOLOR="#1b563f">
    <FONT FACE="Roboto" COLOR="white" POINT-SIZE="10"><B>
    Domain
    </B></FONT></TD></TR>
  
  
    <TR><TD ALIGN="LEFT" BORDER="0">
    <FONT FACE="Roboto"><B>id</B></FONT>
    </TD><TD ALIGN="LEFT">
    <FONT FACE="Roboto"><B>AutoField</B></FONT>
    </TD></TR>
  
  
  
    <TR><TD ALIGN="LEFT" BORDER="0">
    <FONT FACE="Roboto"><B>whois</B></FONT>
    </TD><TD ALIGN="LEFT">
    <FONT FACE="Roboto"><B>ForeignKey (id)</B></FONT>
    </TD></TR>
  
  
  
    <TR><TD ALIGN="LEFT" BORDER="0">
    <FONT COLOR="#7B7B7B" FACE="Roboto">dig</FONT>
    </TD><TD ALIGN="LEFT">
    <FONT COLOR="#7B7B7B" FACE="Roboto">TextField</FONT>
    </TD></TR>
  
  
  
    <TR><TD ALIGN="LEFT" BORDER="0">
    <FONT FACE="Roboto">domain</FONT>
    </TD><TD ALIGN="LEFT">
    <FONT FACE="Roboto">CharField</FONT>
    </TD></TR>
  
  
  
    <TR><TD ALIGN="LEFT" BORDER="0">
    <FONT FACE="Roboto">taxonomy</FONT>
    </TD><TD ALIGN="LEFT">
    <FONT FACE="Roboto">IntegerField</FONT>
    </TD></TR>
  
  
  
    <TR><TD ALIGN="LEFT" BORDER="0">
    <FONT FACE="Roboto">whitelisted</FONT>
    </TD><TD ALIGN="LEFT">
    <FONT FACE="Roboto">BooleanField</FONT>
    </TD></TR>
  
  
    </TABLE>
    >]

  methlab_shop_models_Ip [label=<
    <TABLE BGCOLOR="white" BORDER="1" CELLBORDER="0" CELLSPACING="0">
    <TR><TD COLSPAN="2" CELLPADDING="5" ALIGN="CENTER" BGCOLOR="#1b563f">
    <FONT FACE="Roboto" COLOR="white" POINT-SIZE="10"><B>
    Ip
    </B></FONT></TD></TR>
  
  
    <TR><TD ALIGN="LEFT" BORDER="0">
    <FONT FACE="Roboto"><B>id</B></FONT>
    </TD><TD ALIGN="LEFT">
    <FONT FACE="Roboto"><B>AutoField</B></FONT>
    </TD></TR>
  
  
  
    <TR><TD ALIGN="LEFT" BORDER="0">
    <FONT FACE="Roboto"><B>whois</B></FONT>
    </TD><TD ALIGN="LEFT">
    <FONT FACE="Roboto"><B>ForeignKey (id)</B></FONT>
    </TD></TR>
  
  
  
    <TR><TD ALIGN="LEFT" BORDER="0">
    <FONT FACE="Roboto">ip</FONT>
    </TD><TD ALIGN="LEFT">
    <FONT FACE="Roboto">GenericIPAddressField</FONT>
    </TD></TR>
  
  
  
    <TR><TD ALIGN="LEFT" BORDER="0">
    <FONT FACE="Roboto">taxonomy</FONT>
    </TD><TD ALIGN="LEFT">
    <FONT FACE="Roboto">IntegerField</FONT>
    </TD></TR>
  
  
  
    <TR><TD ALIGN="LEFT" BORDER="0">
    <FONT FACE="Roboto">whitelisted</FONT>
    </TD><TD ALIGN="LEFT">
    <FONT FACE="Roboto">BooleanField</FONT>
    </TD></TR>
  
  
    </TABLE>
    >]

  methlab_shop_models_Url [label=<
    <TABLE BGCOLOR="white" BORDER="1" CELLBORDER="0" CELLSPACING="0">
    <TR><TD COLSPAN="2" CELLPADDING="5" ALIGN="CENTER" BGCOLOR="#1b563f">
    <FONT FACE="Roboto" COLOR="white" POINT-SIZE="10"><B>
    Url
    </B></FONT></TD></TR>
  
  
    <TR><TD ALIGN="LEFT" BORDER="0">
    <FONT FACE="Roboto"><B>id</B></FONT>
    </TD><TD ALIGN="LEFT">
    <FONT FACE="Roboto"><B>AutoField</B></FONT>
    </TD></TR>
  
  
  
    <TR><TD ALIGN="LEFT" BORDER="0">
    <FONT COLOR="#7B7B7B" FACE="Roboto"><B>domain</B></FONT>
    </TD><TD ALIGN="LEFT">
    <FONT COLOR="#7B7B7B" FACE="Roboto"><B>ForeignKey (id)</B></FONT>
    </TD></TR>
  
  
  
    <TR><TD ALIGN="LEFT" BORDER="0">
    <FONT FACE="Roboto">taxonomy</FONT>
    </TD><TD ALIGN="LEFT">
    <FONT FACE="Roboto">IntegerField</FONT>
    </TD></TR>
  
  
  
    <TR><TD ALIGN="LEFT" BORDER="0">
    <FONT FACE="Roboto">url</FONT>
    </TD><TD ALIGN="LEFT">
    <FONT FACE="Roboto">CharField</FONT>
    </TD></TR>
  
  
  
    <TR><TD ALIGN="LEFT" BORDER="0">
    <FONT FACE="Roboto">whitelisted</FONT>
    </TD><TD ALIGN="LEFT">
    <FONT FACE="Roboto">BooleanField</FONT>
    </TD></TR>
  
  
    </TABLE>
    >]

  methlab_shop_models_Mail [label=<
    <TABLE BGCOLOR="white" BORDER="1" CELLBORDER="0" CELLSPACING="0">
    <TR><TD COLSPAN="2" CELLPADDING="5" ALIGN="CENTER" BGCOLOR="#1b563f">
    <FONT FACE="Roboto" COLOR="white" POINT-SIZE="10"><B>
    Mail
    </B></FONT></TD></TR>
  
  
    <TR><TD ALIGN="LEFT" BORDER="0">
    <FONT FACE="Roboto"><B>id</B></FONT>
    </TD><TD ALIGN="LEFT">
    <FONT FACE="Roboto"><B>AutoField</B></FONT>
    </TD></TR>
  
  
  
    <TR><TD ALIGN="LEFT" BORDER="0">
    <FONT COLOR="#7B7B7B" FACE="Roboto"><B>assignee</B></FONT>
    </TD><TD ALIGN="LEFT">
    <FONT COLOR="#7B7B7B" FACE="Roboto"><B>ForeignKey (id)</B></FONT>
    </TD></TR>
  
  
  
    <TR><TD ALIGN="LEFT" BORDER="0">
    <FONT COLOR="#7B7B7B" FACE="Roboto"><B>parent</B></FONT>
    </TD><TD ALIGN="LEFT">
    <FONT COLOR="#7B7B7B" FACE="Roboto"><B>ForeignKey (id)</B></FONT>
    </TD></TR>
  
  
  
    <TR><TD ALIGN="LEFT" BORDER="0">
    <FONT COLOR="#7B7B7B" FACE="Roboto">arc</FONT>
    </TD><TD ALIGN="LEFT">
    <FONT COLOR="#7B7B7B" FACE="Roboto">JSONField</FONT>
    </TD></TR>
  
  
  
    <TR><TD ALIGN="LEFT" BORDER="0">
    <FONT COLOR="#7B7B7B" FACE="Roboto">attachments_path</FONT>
    </TD><TD ALIGN="LEFT">
    <FONT COLOR="#7B7B7B" FACE="Roboto">CharField</FONT>
    </TD></TR>
  
  
  
    <TR><TD ALIGN="LEFT" BORDER="0">
    <FONT COLOR="#7B7B7B" FACE="Roboto">date</FONT>
    </TD><TD ALIGN="LEFT">
    <FONT COLOR="#7B7B7B" FACE="Roboto">DateTimeField</FONT>
    </TD></TR>
  
  
  
    <TR><TD ALIGN="LEFT" BORDER="0">
    <FONT COLOR="#7B7B7B" FACE="Roboto">dkim</FONT>
    </TD><TD ALIGN="LEFT">
    <FONT COLOR="#7B7B7B" FACE="Roboto">TextField</FONT>
    </TD></TR>
  
  
  
    <TR><TD ALIGN="LEFT" BORDER="0">
    <FONT COLOR="#7B7B7B" FACE="Roboto">dmark</FONT>
    </TD><TD ALIGN="LEFT">
    <FONT COLOR="#7B7B7B" FACE="Roboto">TextField</FONT>
    </TD></TR>
  
  
  
    <TR><TD ALIGN="LEFT" BORDER="0">
    <FONT COLOR="#7B7B7B" FACE="Roboto">eml_path</FONT>
    </TD><TD ALIGN="LEFT">
    <FONT COLOR="#7B7B7B" FACE="Roboto">CharField</FONT>
    </TD></TR>
  
  
  
    <TR><TD ALIGN="LEFT" BORDER="0">
    <FONT COLOR="#7B7B7B" FACE="Roboto">geom</FONT>
    </TD><TD ALIGN="LEFT">
    <FONT COLOR="#7B7B7B" FACE="Roboto">PointField</FONT>
    </TD></TR>
  
  
  
    <TR><TD ALIGN="LEFT" BORDER="0">
    <FONT COLOR="#7B7B7B" FACE="Roboto">headers</FONT>
    </TD><TD ALIGN="LEFT">
    <FONT COLOR="#7B7B7B" FACE="Roboto">JSONField</FONT>
    </TD></TR>
  
  
  
    <TR><TD ALIGN="LEFT" BORDER="0">
    <FONT FACE="Roboto">message_id</FONT>
    </TD><TD ALIGN="LEFT">
    <FONT FACE="Roboto">CharField</FONT>
    </TD></TR>
  
  
  
    <TR><TD ALIGN="LEFT" BORDER="0">
    <FONT FACE="Roboto">official_response</FONT>
    </TD><TD ALIGN="LEFT">
    <FONT FACE="Roboto">PositiveIntegerField</FONT>
    </TD></TR>
  
  
  
    <TR><TD ALIGN="LEFT" BORDER="0">
    <FONT FACE="Roboto">progress</FONT>
    </TD><TD ALIGN="LEFT">
    <FONT FACE="Roboto">PositiveIntegerField</FONT>
    </TD></TR>
  
  
  
    <TR><TD ALIGN="LEFT" BORDER="0">
    <FONT COLOR="#7B7B7B" FACE="Roboto">received</FONT>
    </TD><TD ALIGN="LEFT">
    <FONT COLOR="#7B7B7B" FACE="Roboto">JSONField</FONT>
    </TD></TR>
  
  
  
    <TR><TD ALIGN="LEFT" BORDER="0">
    <FONT FACE="Roboto">search_vector</FONT>
    </TD><TD ALIGN="LEFT">
    <FONT FACE="Roboto">SearchVectorField</FONT>
    </TD></TR>
  
  
  
    <TR><TD ALIGN="LEFT" BORDER="0">
    <FONT COLOR="#7B7B7B" FACE="Roboto">sender_ip_address</FONT>
    </TD><TD ALIGN="LEFT">
    <FONT COLOR="#7B7B7B" FACE="Roboto">CharField</FONT>
    </TD></TR>
  
  
  
    <TR><TD ALIGN="LEFT" BORDER="0">
    <FONT FACE="Roboto">slug_subject</FONT>
    </TD><TD ALIGN="LEFT">
    <FONT FACE="Roboto">SlugField</FONT>
    </TD></TR>
  
  
  
    <TR><TD ALIGN="LEFT" BORDER="0">
    <FONT COLOR="#7B7B7B" FACE="Roboto">spf</FONT>
    </TD><TD ALIGN="LEFT">
    <FONT COLOR="#7B7B7B" FACE="Roboto">TextField</FONT>
    </TD></TR>
  
  
  
    <TR><TD ALIGN="LEFT" BORDER="0">
    <FONT FACE="Roboto">subject</FONT>
    </TD><TD ALIGN="LEFT">
    <FONT FACE="Roboto">CharField</FONT>
    </TD></TR>
  
  
  
    <TR><TD ALIGN="LEFT" BORDER="0">
    <FONT COLOR="#7B7B7B" FACE="Roboto">submission_date</FONT>
    </TD><TD ALIGN="LEFT">
    <FONT COLOR="#7B7B7B" FACE="Roboto">DateTimeField</FONT>
    </TD></TR>
  
  
  
    <TR><TD ALIGN="LEFT" BORDER="0">
    <FONT FACE="Roboto">taxonomy</FONT>
    </TD><TD ALIGN="LEFT">
    <FONT FACE="Roboto">IntegerField</FONT>
    </TD></TR>
  
  
  
    <TR><TD ALIGN="LEFT" BORDER="0">
    <FONT COLOR="#7B7B7B" FACE="Roboto">text_html</FONT>
    </TD><TD ALIGN="LEFT">
    <FONT COLOR="#7B7B7B" FACE="Roboto">ArrayField</FONT>
    </TD></TR>
  
  
  
    <TR><TD ALIGN="LEFT" BORDER="0">
    <FONT COLOR="#7B7B7B" FACE="Roboto">text_not_managed</FONT>
    </TD><TD ALIGN="LEFT">
    <FONT COLOR="#7B7B7B" FACE="Roboto">ArrayField</FONT>
    </TD></TR>
  
  
  
    <TR><TD ALIGN="LEFT" BORDER="0">
    <FONT COLOR="#7B7B7B" FACE="Roboto">text_plain</FONT>
    </TD><TD ALIGN="LEFT">
    <FONT COLOR="#7B7B7B" FACE="Roboto">ArrayField</FONT>
    </TD></TR>
  
  
  
    <TR><TD ALIGN="LEFT" BORDER="0">
    <FONT COLOR="#7B7B7B" FACE="Roboto">to_domains</FONT>
    </TD><TD ALIGN="LEFT">
    <FONT COLOR="#7B7B7B" FACE="Roboto">ArrayField</FONT>
    </TD></TR>
  
  
    </TABLE>
    >]

  methlab_shop_models_Mail_Addresses [label=<
    <TABLE BGCOLOR="white" BORDER="1" CELLBORDER="0" CELLSPACING="0">
    <TR><TD COLSPAN="2" CELLPADDING="5" ALIGN="CENTER" BGCOLOR="#1b563f">
    <FONT FACE="Roboto" COLOR="white" POINT-SIZE="10"><B>
    Mail_Addresses
    </B></FONT></TD></TR>
  
  
    <TR><TD ALIGN="LEFT" BORDER="0">
    <FONT FACE="Roboto"><B>id</B></FONT>
    </TD><TD ALIGN="LEFT">
    <FONT FACE="Roboto"><B>AutoField</B></FONT>
    </TD></TR>
  
  
  
    <TR><TD ALIGN="LEFT" BORDER="0">
    <FONT FACE="Roboto"><B>address</B></FONT>
    </TD><TD ALIGN="LEFT">
    <FONT FACE="Roboto"><B>ForeignKey (id)</B></FONT>
    </TD></TR>
  
  
  
    <TR><TD ALIGN="LEFT" BORDER="0">
    <FONT FACE="Roboto"><B>mail</B></FONT>
    </TD><TD ALIGN="LEFT">
    <FONT FACE="Roboto"><B>ForeignKey (id)</B></FONT>
    </TD></TR>
  
  
  
    <TR><TD ALIGN="LEFT" BORDER="0">
    <FONT FACE="Roboto">field</FONT>
    </TD><TD ALIGN="LEFT">
    <FONT FACE="Roboto">CharField</FONT>
    </TD></TR>
  
  
    </TABLE>
    >]




  // Relations
  django_contrib_auth_base_user_AbstractBaseUser [label=<
  <TABLE BGCOLOR="white" BORDER="0" CELLBORDER="0" CELLSPACING="0">
  <TR><TD COLSPAN="2" CELLPADDING="4" ALIGN="CENTER" BGCOLOR="#1b563f">
  <FONT FACE="Roboto" POINT-SIZE="12" COLOR="white">AbstractBaseUser</FONT>
  </TD></TR>
  </TABLE>
  >]
  django_contrib_auth_models_AbstractUser -> django_contrib_auth_base_user_AbstractBaseUser
  [label=" abstract\ninheritance"] [arrowhead=empty, arrowtail=none, dir=both];
  django_contrib_auth_models_PermissionsMixin [label=<
  <TABLE BGCOLOR="white" BORDER="0" CELLBORDER="0" CELLSPACING="0">
  <TR><TD COLSPAN="2" CELLPADDING="4" ALIGN="CENTER" BGCOLOR="#1b563f">
  <FONT FACE="Roboto" POINT-SIZE="12" COLOR="white">PermissionsMixin</FONT>
  </TD></TR>
  </TABLE>
  >]
  django_contrib_auth_models_AbstractUser -> django_contrib_auth_models_PermissionsMixin
  [label=" abstract\ninheritance"] [arrowhead=empty, arrowtail=none, dir=both];

  django_contrib_auth_models_Permission -> django_contrib_contenttypes_models_ContentType
  [label=" content_type (permission)"] [arrowhead=none, arrowtail=dot, dir=both];

  django_contrib_auth_models_Group -> django_contrib_auth_models_Permission
  [label=" permissions (group)"] [arrowhead=dot arrowtail=dot, dir=both];

  django_contrib_auth_models_User -> django_contrib_auth_models_Group
  [label=" groups (user)"] [arrowhead=dot arrowtail=dot, dir=both];

  django_contrib_auth_models_User -> django_contrib_auth_models_Permission
  [label=" user_permissions (user)"] [arrowhead=dot arrowtail=dot, dir=both];

  django_contrib_auth_models_User -> django_contrib_auth_models_AbstractUser
  [label=" abstract\ninheritance"] [arrowhead=empty, arrowtail=none, dir=both];



  django_contrib_sessions_models_Session -> django_contrib_sessions_base_session_AbstractBaseSession
  [label=" abstract\ninheritance"] [arrowhead=empty, arrowtail=none, dir=both];


  django_contrib_admin_models_LogEntry -> django_contrib_auth_models_User
  [label=" user (logentry)"] [arrowhead=none, arrowtail=dot, dir=both];

  django_contrib_admin_models_LogEntry -> django_contrib_contenttypes_models_ContentType
  [label=" content_type (logentry)"] [arrowhead=none, arrowtail=dot, dir=both];


  django_celery_beat_models_PeriodicTask -> django_celery_beat_models_IntervalSchedule
  [label=" interval (periodictask)"] [arrowhead=none, arrowtail=dot, dir=both];

  django_celery_beat_models_PeriodicTask -> django_celery_beat_models_CrontabSchedule
  [label=" crontab (periodictask)"] [arrowhead=none, arrowtail=dot, dir=both];

  django_celery_beat_models_PeriodicTask -> django_celery_beat_models_SolarSchedule
  [label=" solar (periodictask)"] [arrowhead=none, arrowtail=dot, dir=both];

  django_celery_beat_models_PeriodicTask -> django_celery_beat_models_ClockedSchedule
  [label=" clocked (periodictask)"] [arrowhead=none, arrowtail=dot, dir=both];


  taggit_models_TaggedItemBase -> taggit_models_Tag
  [label=" tag (%(app_label)s_%(class)s_items)"] [arrowhead=none, arrowtail=dot, dir=both];
  taggit_models_ItemBase [label=<
  <TABLE BGCOLOR="white" BORDER="0" CELLBORDER="0" CELLSPACING="0">
  <TR><TD COLSPAN="2" CELLPADDING="4" ALIGN="CENTER" BGCOLOR="#1b563f">
  <FONT FACE="Roboto" POINT-SIZE="12" COLOR="white">ItemBase</FONT>
  </TD></TR>
  </TABLE>
  >]
  taggit_models_TaggedItemBase -> taggit_models_ItemBase
  [label=" abstract\ninheritance"] [arrowhead=empty, arrowtail=none, dir=both];
  taggit_models_CommonGenericTaggedItemBase [label=<
  <TABLE BGCOLOR="white" BORDER="0" CELLBORDER="0" CELLSPACING="0">
  <TR><TD COLSPAN="2" CELLPADDING="4" ALIGN="CENTER" BGCOLOR="#1b563f">
  <FONT FACE="Roboto" POINT-SIZE="12" COLOR="white">CommonGenericTaggedItemBase</FONT>
  </TD></TR>
  </TABLE>
  >]
  taggit_models_GenericTaggedItemBase -> taggit_models_CommonGenericTaggedItemBase
  [label=" abstract\ninheritance"] [arrowhead=empty, arrowtail=none, dir=both];

  taggit_models_Tag -> taggit_models_TagBase
  [label=" abstract\ninheritance"] [arrowhead=empty, arrowtail=none, dir=both];

  taggit_models_TaggedItem -> taggit_models_GenericTaggedItemBase
  [label=" abstract\ninheritance"] [arrowhead=empty, arrowtail=none, dir=both];

  taggit_models_TaggedItem -> taggit_models_TaggedItemBase
  [label=" abstract\ninheritance"] [arrowhead=empty, arrowtail=none, dir=both];

  taggit_models_CommonGenericTaggedItemBase [label=<
  <TABLE BGCOLOR="white" BORDER="0" CELLBORDER="0" CELLSPACING="0">
  <TR><TD COLSPAN="2" CELLPADDING="4" ALIGN="CENTER" BGCOLOR="#1b563f">
  <FONT FACE="Roboto" POINT-SIZE="12" COLOR="white">CommonGenericTaggedItemBase</FONT>
  </TD></TR>
  </TABLE>
  >]
  taggit_models_GenericTaggedItemBase -> taggit_models_CommonGenericTaggedItemBase
  [label=" abstract\ninheritance"] [arrowhead=empty, arrowtail=none, dir=both];

  methlab_shop_models_Report -> methlab_shop_models_Analyzer
  [label=" analyzer (report)"] [arrowhead=none, arrowtail=dot, dir=both];

  methlab_shop_models_Report -> django_contrib_contenttypes_models_ContentType
  [label=" content_type (report)"] [arrowhead=none, arrowtail=dot, dir=both];

  methlab_shop_models_Flag -> taggit_models_TagBase
  [label=" abstract\ninheritance"] [arrowhead=empty, arrowtail=none, dir=both];

  methlab_shop_models_CustomTag -> methlab_shop_models_Flag
  [label=" tag (shop_customtags)"] [arrowhead=none, arrowtail=dot, dir=both];

  methlab_shop_models_CustomTag -> taggit_models_GenericTaggedItemBase
  [label=" abstract\ninheritance"] [arrowhead=empty, arrowtail=none, dir=both];

  methlab_shop_models_Domain -> methlab_shop_models_Whois
  [label=" whois (domain)"] [arrowhead=none, arrowtail=dot, dir=both];

  methlab_shop_models_Ip -> methlab_shop_models_Whois
  [label=" whois (ip)"] [arrowhead=none, arrowtail=dot, dir=both];

  methlab_shop_models_Url -> methlab_shop_models_Domain
  [label=" domain (url)"] [arrowhead=none, arrowtail=dot, dir=both];

  methlab_shop_models_Mail -> django_contrib_auth_models_User
  [label=" assignee (mail)"] [arrowhead=none, arrowtail=dot, dir=both];

  methlab_shop_models_Mail -> methlab_shop_models_Mail
  [label=" parent (mail)"] [arrowhead=none, arrowtail=dot, dir=both];

  methlab_shop_models_Mail -> methlab_shop_models_Ip
  [label=" ips (ips)"] [arrowhead=dot arrowtail=dot, dir=both];

  methlab_shop_models_Mail -> methlab_shop_models_Url
  [label=" urls (urls)"] [arrowhead=dot arrowtail=dot, dir=both];

  methlab_shop_models_Mail -> methlab_shop_models_Attachment
  [label=" attachments (attachments)"] [arrowhead=dot arrowtail=dot, dir=both];

  methlab_shop_models_Mail_Addresses -> methlab_shop_models_Mail
  [label=" mail (mail_addresses)"] [arrowhead=none, arrowtail=dot, dir=both];

  methlab_shop_models_Mail_Addresses -> methlab_shop_models_Address
  [label=" address (mail_addresses)"] [arrowhead=none, arrowtail=dot, dir=both];


}
